<?xml version="1.0" encoding="UTF-8"?>
<coverage generated="1555352933492" clover="3.2.0">
  <project timestamp="1555352933492" name="All files">
    <metrics statements="53" coveredstatements="46" conditionals="20" coveredconditionals="18" methods="26" coveredmethods="21" elements="99" coveredelements="85" complexity="0" loc="53" ncloc="53" packages="2" files="6" classes="6">
      <package name="src">
        <metrics statements="30" coveredstatements="23" conditionals="8" coveredconditionals="7" methods="17" coveredmethods="12"/>
        <file name="App.js" path="/Users/rachaeldrennan/Projects/ModuleTwo/Memoize-Fetch/src/App.js">
          <metrics statements="28" coveredstatements="21" conditionals="8" coveredconditionals="7" methods="17" coveredmethods="12"/>
          <line num="10" count="10" type="stmt"/>
          <line num="11" count="10" type="stmt"/>
          <line num="21" count="1" type="stmt"/>
          <line num="22" count="3" type="stmt"/>
          <line num="23" count="0" type="stmt"/>
          <line num="24" count="1" type="stmt"/>
          <line num="31" count="1" type="stmt"/>
          <line num="32" count="1" type="stmt"/>
          <line num="33" count="3" type="stmt"/>
          <line num="35" count="1" type="stmt"/>
          <line num="41" count="1" type="stmt"/>
          <line num="42" count="3" type="stmt"/>
          <line num="44" count="1" type="stmt"/>
          <line num="52" count="1" type="cond" truecount="3" falsecount="1"/>
          <line num="53" count="2" type="stmt"/>
          <line num="55" count="0" type="stmt"/>
          <line num="56" count="0" type="stmt"/>
          <line num="59" count="0" type="stmt"/>
          <line num="66" count="1" type="stmt"/>
          <line num="71" count="10" type="stmt"/>
          <line num="72" count="0" type="stmt"/>
          <line num="73" count="0" type="stmt"/>
          <line num="75" count="0" type="stmt"/>
          <line num="77" count="10" type="cond" truecount="2" falsecount="0"/>
          <line num="78" count="10" type="stmt"/>
          <line num="84" count="30" type="cond" truecount="2" falsecount="0"/>
          <line num="85" count="11" type="stmt"/>
          <line num="93" count="19" type="stmt"/>
        </file>
        <file name="data.js" path="/Users/rachaeldrennan/Projects/ModuleTwo/Memoize-Fetch/src/data.js">
          <metrics statements="2" coveredstatements="2" conditionals="0" coveredconditionals="0" methods="0" coveredmethods="0"/>
          <line num="1" count="1" type="stmt"/>
          <line num="156" count="1" type="stmt"/>
        </file>
      </package>
      <package name="src.Components">
        <metrics statements="23" coveredstatements="23" conditionals="12" coveredconditionals="11" methods="9" coveredmethods="9"/>
        <file name="Card.js" path="/Users/rachaeldrennan/Projects/ModuleTwo/Memoize-Fetch/src/Components/Card.js">
          <metrics statements="12" coveredstatements="12" conditionals="8" coveredconditionals="7" methods="4" coveredmethods="4"/>
          <line num="6" count="6" type="stmt"/>
          <line num="7" count="6" type="stmt"/>
          <line num="15" count="1" type="stmt"/>
          <line num="16" count="1" type="stmt"/>
          <line num="20" count="2" type="cond" truecount="3" falsecount="1"/>
          <line num="21" count="2" type="stmt"/>
          <line num="22" count="2" type="stmt"/>
          <line num="27" count="11" type="cond" truecount="2" falsecount="0"/>
          <line num="28" count="1" type="stmt"/>
          <line num="41" count="10" type="cond" truecount="2" falsecount="0"/>
          <line num="42" count="3" type="stmt"/>
          <line num="55" count="7" type="stmt"/>
        </file>
        <file name="Container.js" path="/Users/rachaeldrennan/Projects/ModuleTwo/Memoize-Fetch/src/Components/Container.js">
          <metrics statements="9" coveredstatements="9" conditionals="4" coveredconditionals="4" methods="3" coveredmethods="3"/>
          <line num="7" count="3" type="stmt"/>
          <line num="16" count="3" type="cond" truecount="2" falsecount="0"/>
          <line num="17" count="2" type="stmt"/>
          <line num="18" count="6" type="cond" truecount="2" falsecount="0"/>
          <line num="19" count="4" type="stmt"/>
          <line num="21" count="2" type="stmt"/>
          <line num="24" count="6" type="stmt"/>
          <line num="36" count="1" type="stmt"/>
          <line num="39" count="3" type="stmt"/>
        </file>
        <file name="Header.js" path="/Users/rachaeldrennan/Projects/ModuleTwo/Memoize-Fetch/src/Components/Header.js">
          <metrics statements="1" coveredstatements="1" conditionals="0" coveredconditionals="0" methods="1" coveredmethods="1"/>
          <line num="4" count="2" type="stmt"/>
        </file>
        <file name="PlaceHolder.js" path="/Users/rachaeldrennan/Projects/ModuleTwo/Memoize-Fetch/src/Components/PlaceHolder.js">
          <metrics statements="1" coveredstatements="1" conditionals="0" coveredconditionals="0" methods="1" coveredmethods="1"/>
          <line num="5" count="2" type="stmt"/>
        </file>
      </package>
    </metrics>
  </project>
</coverage>
