{"/Users/rachaeldrennan/Projects/ModuleTwo/Memoize-Fetch/src/App.js": {"path":"/Users/rachaeldrennan/Projects/ModuleTwo/Memoize-Fetch/src/App.js","statementMap":{"0":{"start":{"line":10,"column":4},"end":{"line":10,"column":12}},"1":{"start":{"line":11,"column":4},"end":{"line":16,"column":5}},"2":{"start":{"line":21,"column":19},"end":{"line":23,"column":38}},"3":{"start":{"line":22,"column":6},"end":{"line":22,"column":54}},"4":{"start":{"line":23,"column":18},"end":{"line":23,"column":37}},"5":{"start":{"line":24,"column":4},"end":{"line":26,"column":7}},"6":{"start":{"line":31,"column":16},"end":{"line":31,"column":34}},"7":{"start":{"line":32,"column":23},"end":{"line":34,"column":6}},"8":{"start":{"line":33,"column":6},"end":{"line":33,"column":50}},"9":{"start":{"line":35,"column":4},"end":{"line":37,"column":7}},"10":{"start":{"line":41,"column":25},"end":{"line":43,"column":6}},"11":{"start":{"line":42,"column":6},"end":{"line":42,"column":53}},"12":{"start":{"line":44,"column":4},"end":{"line":46,"column":7}},"13":{"start":{"line":52,"column":4},"end":{"line":61,"column":5}},"14":{"start":{"line":53,"column":6},"end":{"line":53,"column":66}},"15":{"start":{"line":53,"column":53},"end":{"line":53,"column":64}},"16":{"start":{"line":55,"column":6},"end":{"line":55,"column":47}},"17":{"start":{"line":56,"column":4},"end":{"line":60,"column":7}},"18":{"start":{"line":59,"column":6},"end":{"line":59,"column":27}},"19":{"start":{"line":66,"column":4},"end":{"line":66,"column":76}},"20":{"start":{"line":71,"column":4},"end":{"line":76,"column":6}},"21":{"start":{"line":72,"column":22},"end":{"line":72,"column":37}},"22":{"start":{"line":73,"column":23},"end":{"line":73,"column":71}},"23":{"start":{"line":75,"column":6},"end":{"line":75,"column":27}},"24":{"start":{"line":77,"column":27},"end":{"line":77,"column":78}},"25":{"start":{"line":78,"column":6},"end":{"line":81,"column":9}},"26":{"start":{"line":84,"column":5},"end":{"line":111,"column":5}},"27":{"start":{"line":85,"column":6},"end":{"line":91,"column":15}},"28":{"start":{"line":93,"column":6},"end":{"line":110,"column":8}}},"fnMap":{"0":{"name":"(anonymous_0)","decl":{"start":{"line":9,"column":2},"end":{"line":9,"column":3}},"loc":{"start":{"line":9,"column":16},"end":{"line":17,"column":3}},"line":9},"1":{"name":"(anonymous_1)","decl":{"start":{"line":20,"column":12},"end":{"line":20,"column":13}},"loc":{"start":{"line":20,"column":17},"end":{"line":27,"column":3}},"line":20},"2":{"name":"(anonymous_2)","decl":{"start":{"line":21,"column":47},"end":{"line":21,"column":48}},"loc":{"start":{"line":21,"column":54},"end":{"line":23,"column":5}},"line":21},"3":{"name":"(anonymous_3)","decl":{"start":{"line":23,"column":12},"end":{"line":23,"column":13}},"loc":{"start":{"line":23,"column":18},"end":{"line":23,"column":37}},"line":23},"4":{"name":"(anonymous_4)","decl":{"start":{"line":30,"column":14},"end":{"line":30,"column":15}},"loc":{"start":{"line":30,"column":20},"end":{"line":38,"column":3}},"line":30},"5":{"name":"(anonymous_5)","decl":{"start":{"line":32,"column":51},"end":{"line":32,"column":52}},"loc":{"start":{"line":32,"column":58},"end":{"line":34,"column":5}},"line":32},"6":{"name":"(anonymous_6)","decl":{"start":{"line":40,"column":18},"end":{"line":40,"column":19}},"loc":{"start":{"line":40,"column":23},"end":{"line":47,"column":3}},"line":40},"7":{"name":"(anonymous_7)","decl":{"start":{"line":41,"column":53},"end":{"line":41,"column":54}},"loc":{"start":{"line":41,"column":60},"end":{"line":43,"column":5}},"line":41},"8":{"name":"(anonymous_8)","decl":{"start":{"line":50,"column":17},"end":{"line":50,"column":18}},"loc":{"start":{"line":50,"column":33},"end":{"line":62,"column":3}},"line":50},"9":{"name":"(anonymous_9)","decl":{"start":{"line":53,"column":45},"end":{"line":53,"column":46}},"loc":{"start":{"line":53,"column":53},"end":{"line":53,"column":64}},"line":53},"10":{"name":"(anonymous_10)","decl":{"start":{"line":58,"column":7},"end":{"line":58,"column":8}},"loc":{"start":{"line":58,"column":13},"end":{"line":60,"column":5}},"line":58},"11":{"name":"(anonymous_11)","decl":{"start":{"line":65,"column":18},"end":{"line":65,"column":19}},"loc":{"start":{"line":65,"column":24},"end":{"line":67,"column":3}},"line":65},"12":{"name":"(anonymous_12)","decl":{"start":{"line":70,"column":2},"end":{"line":70,"column":3}},"loc":{"start":{"line":70,"column":22},"end":{"line":82,"column":3}},"line":70},"13":{"name":"(anonymous_13)","decl":{"start":{"line":72,"column":10},"end":{"line":72,"column":11}},"loc":{"start":{"line":72,"column":22},"end":{"line":72,"column":37}},"line":72},"14":{"name":"(anonymous_14)","decl":{"start":{"line":73,"column":10},"end":{"line":73,"column":11}},"loc":{"start":{"line":73,"column":23},"end":{"line":73,"column":71}},"line":73},"15":{"name":"(anonymous_15)","decl":{"start":{"line":74,"column":11},"end":{"line":74,"column":12}},"loc":{"start":{"line":74,"column":18},"end":{"line":76,"column":5}},"line":74},"16":{"name":"(anonymous_16)","decl":{"start":{"line":83,"column":2},"end":{"line":83,"column":3}},"loc":{"start":{"line":83,"column":11},"end":{"line":112,"column":3}},"line":83}},"branchMap":{"0":{"loc":{"start":{"line":52,"column":4},"end":{"line":61,"column":5}},"type":"if","locations":[{"start":{"line":52,"column":4},"end":{"line":61,"column":5}},{"start":{"line":52,"column":4},"end":{"line":61,"column":5}}],"line":52},"1":{"loc":{"start":{"line":52,"column":8},"end":{"line":52,"column":60}},"type":"binary-expr","locations":[{"start":{"line":52,"column":8},"end":{"line":52,"column":41}},{"start":{"line":52,"column":45},"end":{"line":52,"column":60}}],"line":52},"2":{"loc":{"start":{"line":77,"column":27},"end":{"line":77,"column":78}},"type":"binary-expr","locations":[{"start":{"line":77,"column":27},"end":{"line":77,"column":72}},{"start":{"line":77,"column":76},"end":{"line":77,"column":78}}],"line":77},"3":{"loc":{"start":{"line":84,"column":5},"end":{"line":111,"column":5}},"type":"if","locations":[{"start":{"line":84,"column":5},"end":{"line":111,"column":5}},{"start":{"line":84,"column":5},"end":{"line":111,"column":5}}],"line":84}},"s":{"0":10,"1":10,"2":1,"3":3,"4":0,"5":1,"6":1,"7":1,"8":3,"9":1,"10":1,"11":3,"12":1,"13":1,"14":1,"15":2,"16":0,"17":0,"18":0,"19":1,"20":10,"21":0,"22":0,"23":0,"24":10,"25":10,"26":30,"27":11,"28":19},"f":{"0":10,"1":1,"2":3,"3":0,"4":1,"5":3,"6":1,"7":3,"8":1,"9":2,"10":0,"11":1,"12":10,"13":0,"14":0,"15":0,"16":30},"b":{"0":[1,0],"1":[1,1],"2":[10,9],"3":[11,19]},"_coverageSchema":"332fd63041d2c1bcb487cc26dd0d5f7d97098a6c","hash":"4cad073cfad6119984cad5748e6a9e2c4446d928"}
,"/Users/rachaeldrennan/Projects/ModuleTwo/Memoize-Fetch/src/data.js": {"path":"/Users/rachaeldrennan/Projects/ModuleTwo/Memoize-Fetch/src/data.js","statementMap":{"0":{"start":{"line":1,"column":19},"end":{"line":153,"column":1}},"1":{"start":{"line":156,"column":0},"end":{"line":158,"column":1}}},"fnMap":{},"branchMap":{},"s":{"0":1,"1":1},"f":{},"b":{},"_coverageSchema":"332fd63041d2c1bcb487cc26dd0d5f7d97098a6c","hash":"21700f5b7fb85b50cb6ed39d513346c3ae9fbd85"}
,"/Users/rachaeldrennan/Projects/ModuleTwo/Memoize-Fetch/src/Components/Card.js": {"path":"/Users/rachaeldrennan/Projects/ModuleTwo/Memoize-Fetch/src/Components/Card.js","statementMap":{"0":{"start":{"line":6,"column":4},"end":{"line":6,"column":17}},"1":{"start":{"line":7,"column":4},"end":{"line":11,"column":5}},"2":{"start":{"line":15,"column":19},"end":{"line":15,"column":33}},"3":{"start":{"line":16,"column":4},"end":{"line":16,"column":37}},"4":{"start":{"line":20,"column":6},"end":{"line":23,"column":7}},"5":{"start":{"line":21,"column":8},"end":{"line":21,"column":43}},"6":{"start":{"line":22,"column":8},"end":{"line":22,"column":65}},"7":{"start":{"line":27,"column":4},"end":{"line":40,"column":5}},"8":{"start":{"line":28,"column":6},"end":{"line":39,"column":9}},"9":{"start":{"line":41,"column":4},"end":{"line":70,"column":5}},"10":{"start":{"line":42,"column":6},"end":{"line":53,"column":9}},"11":{"start":{"line":55,"column":6},"end":{"line":69,"column":8}}},"fnMap":{"0":{"name":"(anonymous_0)","decl":{"start":{"line":5,"column":2},"end":{"line":5,"column":3}},"loc":{"start":{"line":5,"column":20},"end":{"line":12,"column":3}},"line":5},"1":{"name":"(anonymous_1)","decl":{"start":{"line":14,"column":19},"end":{"line":14,"column":20}},"loc":{"start":{"line":14,"column":25},"end":{"line":17,"column":3}},"line":14},"2":{"name":"(anonymous_2)","decl":{"start":{"line":19,"column":16},"end":{"line":19,"column":17}},"loc":{"start":{"line":19,"column":22},"end":{"line":24,"column":5}},"line":19},"3":{"name":"(anonymous_3)","decl":{"start":{"line":26,"column":2},"end":{"line":26,"column":3}},"loc":{"start":{"line":26,"column":10},"end":{"line":71,"column":3}},"line":26}},"branchMap":{"0":{"loc":{"start":{"line":20,"column":6},"end":{"line":23,"column":7}},"type":"if","locations":[{"start":{"line":20,"column":6},"end":{"line":23,"column":7}},{"start":{"line":20,"column":6},"end":{"line":23,"column":7}}],"line":20},"1":{"loc":{"start":{"line":20,"column":9},"end":{"line":20,"column":102}},"type":"binary-expr","locations":[{"start":{"line":20,"column":9},"end":{"line":20,"column":59}},{"start":{"line":20,"column":63},"end":{"line":20,"column":102}}],"line":20},"2":{"loc":{"start":{"line":27,"column":4},"end":{"line":40,"column":5}},"type":"if","locations":[{"start":{"line":27,"column":4},"end":{"line":40,"column":5}},{"start":{"line":27,"column":4},"end":{"line":40,"column":5}}],"line":27},"3":{"loc":{"start":{"line":41,"column":4},"end":{"line":70,"column":5}},"type":"if","locations":[{"start":{"line":41,"column":4},"end":{"line":70,"column":5}},{"start":{"line":41,"column":4},"end":{"line":70,"column":5}}],"line":41}},"s":{"0":6,"1":6,"2":1,"3":1,"4":2,"5":2,"6":2,"7":11,"8":1,"9":10,"10":3,"11":7},"f":{"0":6,"1":1,"2":2,"3":11},"b":{"0":[2,0],"1":[2,2],"2":[1,10],"3":[3,7]},"_coverageSchema":"332fd63041d2c1bcb487cc26dd0d5f7d97098a6c","hash":"0e74d6bdb969d49db3c8c2eb7be9127c2edf7c9d"}
,"/Users/rachaeldrennan/Projects/ModuleTwo/Memoize-Fetch/src/Components/Container.js": {"path":"/Users/rachaeldrennan/Projects/ModuleTwo/Memoize-Fetch/src/Components/Container.js","statementMap":{"0":{"start":{"line":7,"column":4},"end":{"line":7,"column":17}},"1":{"start":{"line":16,"column":4},"end":{"line":37,"column":5}},"2":{"start":{"line":17,"column":4},"end":{"line":34,"column":9}},"3":{"start":{"line":18,"column":6},"end":{"line":22,"column":7}},"4":{"start":{"line":19,"column":8},"end":{"line":19,"column":31}},"5":{"start":{"line":21,"column":8},"end":{"line":21,"column":32}},"6":{"start":{"line":24,"column":4},"end":{"line":33,"column":16}},"7":{"start":{"line":36,"column":6},"end":{"line":36,"column":29}},"8":{"start":{"line":39,"column":4},"end":{"line":43,"column":5}}},"fnMap":{"0":{"name":"(anonymous_0)","decl":{"start":{"line":6,"column":2},"end":{"line":6,"column":3}},"loc":{"start":{"line":6,"column":21},"end":{"line":8,"column":3}},"line":6},"1":{"name":"(anonymous_1)","decl":{"start":{"line":10,"column":2},"end":{"line":10,"column":3}},"loc":{"start":{"line":10,"column":11},"end":{"line":44,"column":3}},"line":10},"2":{"name":"(anonymous_2)","decl":{"start":{"line":17,"column":32},"end":{"line":17,"column":33}},"loc":{"start":{"line":17,"column":39},"end":{"line":34,"column":7}},"line":17}},"branchMap":{"0":{"loc":{"start":{"line":16,"column":4},"end":{"line":37,"column":5}},"type":"if","locations":[{"start":{"line":16,"column":4},"end":{"line":37,"column":5}},{"start":{"line":16,"column":4},"end":{"line":37,"column":5}}],"line":16},"1":{"loc":{"start":{"line":18,"column":6},"end":{"line":22,"column":7}},"type":"if","locations":[{"start":{"line":18,"column":6},"end":{"line":22,"column":7}},{"start":{"line":18,"column":6},"end":{"line":22,"column":7}}],"line":18}},"s":{"0":3,"1":3,"2":2,"3":6,"4":4,"5":2,"6":6,"7":1,"8":3},"f":{"0":3,"1":3,"2":6},"b":{"0":[2,1],"1":[4,2]},"_coverageSchema":"332fd63041d2c1bcb487cc26dd0d5f7d97098a6c","hash":"b18defecf61baf02cfca94ae0b095f76f5505288"}
,"/Users/rachaeldrennan/Projects/ModuleTwo/Memoize-Fetch/src/Components/Header.js": {"path":"/Users/rachaeldrennan/Projects/ModuleTwo/Memoize-Fetch/src/Components/Header.js","statementMap":{"0":{"start":{"line":4,"column":4},"end":{"line":8,"column":14}}},"fnMap":{"0":{"name":"Header","decl":{"start":{"line":3,"column":9},"end":{"line":3,"column":15}},"loc":{"start":{"line":3,"column":23},"end":{"line":9,"column":5}},"line":3}},"branchMap":{},"s":{"0":2},"f":{"0":2},"b":{},"_coverageSchema":"332fd63041d2c1bcb487cc26dd0d5f7d97098a6c","hash":"7a38cd3b300dac13072916e62872ec703f9665f1"}
,"/Users/rachaeldrennan/Projects/ModuleTwo/Memoize-Fetch/src/Components/PlaceHolder.js": {"path":"/Users/rachaeldrennan/Projects/ModuleTwo/Memoize-Fetch/src/Components/PlaceHolder.js","statementMap":{"0":{"start":{"line":5,"column":2},"end":{"line":10,"column":4}}},"fnMap":{"0":{"name":"PlaceHolder","decl":{"start":{"line":4,"column":9},"end":{"line":4,"column":20}},"loc":{"start":{"line":4,"column":28},"end":{"line":11,"column":1}},"line":4}},"branchMap":{},"s":{"0":2},"f":{"0":2},"b":{},"_coverageSchema":"332fd63041d2c1bcb487cc26dd0d5f7d97098a6c","hash":"603f12168e3e0713913fc4557ccc878716cee154"}
}
