TN:
SF:/Users/rachaeldrennan/Projects/ModuleTwo/Memoize-Fetch/src/App.js
FN:9,(anonymous_0)
FN:20,(anonymous_1)
FN:21,(anonymous_2)
FN:23,(anonymous_3)
FN:30,(anonymous_4)
FN:32,(anonymous_5)
FN:40,(anonymous_6)
FN:41,(anonymous_7)
FN:50,(anonymous_8)
FN:53,(anonymous_9)
FN:58,(anonymous_10)
FN:65,(anonymous_11)
FN:70,(anonymous_12)
FN:72,(anonymous_13)
FN:73,(anonymous_14)
FN:74,(anonymous_15)
FN:83,(anonymous_16)
FNF:17
FNH:14
FNDA:12,(anonymous_0)
FNDA:1,(anonymous_1)
FNDA:3,(anonymous_2)
FNDA:0,(anonymous_3)
FNDA:1,(anonymous_4)
FNDA:3,(anonymous_5)
FNDA:1,(anonymous_6)
FNDA:3,(anonymous_7)
FNDA:1,(anonymous_8)
FNDA:2,(anonymous_9)
FNDA:0,(anonymous_10)
FNDA:1,(anonymous_11)
FNDA:15,(anonymous_12)
FNDA:1,(anonymous_13)
FNDA:0,(anonymous_14)
FNDA:1,(anonymous_15)
FNDA:38,(anonymous_16)
DA:10,12
DA:11,12
DA:21,1
DA:22,3
DA:23,0
DA:24,1
DA:31,1
DA:32,1
DA:33,3
DA:35,1
DA:41,1
DA:42,3
DA:44,1
DA:52,1
DA:53,2
DA:55,0
DA:56,0
DA:59,0
DA:66,1
DA:71,15
DA:72,1
DA:73,0
DA:75,1
DA:77,15
DA:78,15
DA:84,38
DA:85,14
DA:93,24
LF:28
LH:23
BRDA:52,0,0,1
BRDA:52,0,1,0
BRDA:52,1,0,1
BRDA:52,1,1,1
BRDA:77,2,0,15
BRDA:77,2,1,9
BRDA:84,3,0,14
BRDA:84,3,1,24
BRF:8
BRH:7
end_of_record
TN:
SF:/Users/rachaeldrennan/Projects/ModuleTwo/Memoize-Fetch/src/data.js
FNF:0
FNH:0
DA:1,1
DA:156,1
LF:2
LH:2
BRF:0
BRH:0
end_of_record
TN:
SF:/Users/rachaeldrennan/Projects/ModuleTwo/Memoize-Fetch/src/Components/Card.js
FN:5,(anonymous_0)
FN:14,(anonymous_1)
FN:19,(anonymous_2)
FN:26,(anonymous_3)
FNF:4
FNH:4
FNDA:7,(anonymous_0)
FNDA:1,(anonymous_1)
FNDA:4,(anonymous_2)
FNDA:13,(anonymous_3)
DA:6,7
DA:7,7
DA:15,1
DA:16,1
DA:20,4
DA:21,2
DA:22,2
DA:27,13
DA:28,1
DA:41,12
DA:42,3
DA:55,9
LF:12
LH:12
BRDA:20,0,0,2
BRDA:20,0,1,2
BRDA:20,1,0,4
BRDA:20,1,1,4
BRDA:27,2,0,1
BRDA:27,2,1,12
BRDA:41,3,0,3
BRDA:41,3,1,9
BRF:8
BRH:8
end_of_record
TN:
SF:/Users/rachaeldrennan/Projects/ModuleTwo/Memoize-Fetch/src/Components/Container.js
FN:7,(anonymous_0)
FN:11,(anonymous_1)
FN:18,(anonymous_2)
FNF:3
FNH:3
FNDA:5,(anonymous_0)
FNDA:5,(anonymous_1)
FNDA:9,(anonymous_2)
DA:8,5
DA:14,5
DA:15,1
DA:17,4
DA:18,3
DA:19,9
DA:20,6
DA:22,3
DA:24,9
DA:36,1
DA:39,5
LF:11
LH:11
BRDA:14,0,0,1
BRDA:14,0,1,4
BRDA:17,1,0,3
BRDA:17,1,1,1
BRDA:19,2,0,6
BRDA:19,2,1,3
BRF:6
BRH:6
end_of_record
TN:
SF:/Users/rachaeldrennan/Projects/ModuleTwo/Memoize-Fetch/src/Components/Fetch.js
FN:3,Fetch
FNF:1
FNH:1
FNDA:1,Fetch
DA:4,1
LF:1
LH:1
BRF:0
BRH:0
end_of_record
TN:
SF:/Users/rachaeldrennan/Projects/ModuleTwo/Memoize-Fetch/src/Components/Header.js
FN:3,Header
FNF:1
FNH:1
FNDA:2,Header
DA:4,2
LF:1
LH:1
BRF:0
BRH:0
end_of_record
TN:
SF:/Users/rachaeldrennan/Projects/ModuleTwo/Memoize-Fetch/src/Components/PlaceHolder.js
FN:4,PlaceHolder
FNF:1
FNH:1
FNDA:2,PlaceHolder
DA:5,2
LF:1
LH:1
BRF:0
BRH:0
end_of_record
