TN:
SF:/Users/rachaeldrennan/Projects/ModuleTwo/Memoize-Fetch/src/App.js
FN:9,(anonymous_0)
FN:20,(anonymous_1)
FN:21,(anonymous_2)
FN:23,(anonymous_3)
FN:30,(anonymous_4)
FN:32,(anonymous_5)
FN:40,(anonymous_6)
FN:41,(anonymous_7)
FN:50,(anonymous_8)
FN:53,(anonymous_9)
FN:58,(anonymous_10)
FN:65,(anonymous_11)
FN:70,(anonymous_12)
FN:72,(anonymous_13)
FN:73,(anonymous_14)
FN:74,(anonymous_15)
FN:83,(anonymous_16)
FNF:17
FNH:12
FNDA:10,(anonymous_0)
FNDA:1,(anonymous_1)
FNDA:3,(anonymous_2)
FNDA:0,(anonymous_3)
FNDA:1,(anonymous_4)
FNDA:3,(anonymous_5)
FNDA:1,(anonymous_6)
FNDA:3,(anonymous_7)
FNDA:1,(anonymous_8)
FNDA:2,(anonymous_9)
FNDA:0,(anonymous_10)
FNDA:1,(anonymous_11)
FNDA:10,(anonymous_12)
FNDA:0,(anonymous_13)
FNDA:0,(anonymous_14)
FNDA:0,(anonymous_15)
FNDA:30,(anonymous_16)
DA:10,10
DA:11,10
DA:21,1
DA:22,3
DA:23,0
DA:24,1
DA:31,1
DA:32,1
DA:33,3
DA:35,1
DA:41,1
DA:42,3
DA:44,1
DA:52,1
DA:53,2
DA:55,0
DA:56,0
DA:59,0
DA:66,1
DA:71,10
DA:72,0
DA:73,0
DA:75,0
DA:77,10
DA:78,10
DA:84,30
DA:85,11
DA:93,19
LF:28
LH:21
BRDA:52,0,0,1
BRDA:52,0,1,0
BRDA:52,1,0,1
BRDA:52,1,1,1
BRDA:77,2,0,10
BRDA:77,2,1,9
BRDA:84,3,0,11
BRDA:84,3,1,19
BRF:8
BRH:7
end_of_record
TN:
SF:/Users/rachaeldrennan/Projects/ModuleTwo/Memoize-Fetch/src/data.js
FNF:0
FNH:0
DA:1,1
DA:156,1
LF:2
LH:2
BRF:0
BRH:0
end_of_record
TN:
SF:/Users/rachaeldrennan/Projects/ModuleTwo/Memoize-Fetch/src/Components/Card.js
FN:5,(anonymous_0)
FN:14,(anonymous_1)
FN:19,(anonymous_2)
FN:26,(anonymous_3)
FNF:4
FNH:4
FNDA:6,(anonymous_0)
FNDA:1,(anonymous_1)
FNDA:2,(anonymous_2)
FNDA:11,(anonymous_3)
DA:6,6
DA:7,6
DA:15,1
DA:16,1
DA:20,2
DA:21,2
DA:22,2
DA:27,11
DA:28,1
DA:41,10
DA:42,3
DA:55,7
LF:12
LH:12
BRDA:20,0,0,2
BRDA:20,0,1,0
BRDA:20,1,0,2
BRDA:20,1,1,2
BRDA:27,2,0,1
BRDA:27,2,1,10
BRDA:41,3,0,3
BRDA:41,3,1,7
BRF:8
BRH:7
end_of_record
TN:
SF:/Users/rachaeldrennan/Projects/ModuleTwo/Memoize-Fetch/src/Components/Container.js
FN:6,(anonymous_0)
FN:10,(anonymous_1)
FN:17,(anonymous_2)
FNF:3
FNH:3
FNDA:3,(anonymous_0)
FNDA:3,(anonymous_1)
FNDA:6,(anonymous_2)
DA:7,3
DA:16,3
DA:17,2
DA:18,6
DA:19,4
DA:21,2
DA:24,6
DA:36,1
DA:39,3
LF:9
LH:9
BRDA:16,0,0,2
BRDA:16,0,1,1
BRDA:18,1,0,4
BRDA:18,1,1,2
BRF:4
BRH:4
end_of_record
TN:
SF:/Users/rachaeldrennan/Projects/ModuleTwo/Memoize-Fetch/src/Components/Header.js
FN:3,Header
FNF:1
FNH:1
FNDA:2,Header
DA:4,2
LF:1
LH:1
BRF:0
BRH:0
end_of_record
TN:
SF:/Users/rachaeldrennan/Projects/ModuleTwo/Memoize-Fetch/src/Components/PlaceHolder.js
FN:4,PlaceHolder
FNF:1
FNH:1
FNDA:2,PlaceHolder
DA:5,2
LF:1
LH:1
BRF:0
BRH:0
end_of_record
